[debug] [2023-11-24T07:20:04.944Z] ----------------------------------------------------------------------
[debug] [2023-11-24T07:20:04.945Z] Command:       /usr/local/bin/node /Users/hoangthanh/.npm-global/bin/firebase init
[debug] [2023-11-24T07:20:04.945Z] CLI Version:   12.9.1
[debug] [2023-11-24T07:20:04.945Z] Platform:      darwin
[debug] [2023-11-24T07:20:04.945Z] Node Version:  v20.10.0
[debug] [2023-11-24T07:20:04.945Z] Time:          Fri Nov 24 2023 14:20:04 GMT+0700 (GMT+07:00)
[debug] [2023-11-24T07:20:04.945Z] ----------------------------------------------------------------------
[debug] 
[debug] [2023-11-24T07:20:04.947Z] > command requires scopes: ["email","openid","https://www.googleapis.com/auth/cloudplatformprojects.readonly","https://www.googleapis.com/auth/firebase","https://www.googleapis.com/auth/cloud-platform"]
[debug] [2023-11-24T07:20:04.947Z] > authorizing via signed-in user (thanhpromu@gmail.com)
[info] 
     ######## #### ########  ######## ########     ###     ######  ########
     ##        ##  ##     ## ##       ##     ##  ##   ##  ##       ##
     ######    ##  ########  ######   ########  #########  ######  ######
     ##        ##  ##    ##  ##       ##     ## ##     ##       ## ##
     ##       #### ##     ## ######## ########  ##     ##  ######  ########

You're about to initialize a Firebase project in this directory:

  /Users/hoangthanh/Desktop/Code/ASM3/client

[info] 
=== Project Setup
[info] 
[info] First, let's associate this project directory with a Firebase project.
[info] You can create multiple project aliases by running firebase use --add, 
[info] but for now we'll just set up a default project.
[info] 
[info] i  If you want to create a project in a Google Cloud organization or folder, please use "firebase projects:create" instead, and return to this command when you've created the project. 
[debug] [2023-11-24T07:20:35.143Z] >>> [apiv2][query] POST https://cloudresourcemanager.googleapis.com/v1/projects [none]
[debug] [2023-11-24T07:20:35.143Z] >>> [apiv2][body] POST https://cloudresourcemanager.googleapis.com/v1/projects {"projectId":"i","name":"y"}
[debug] [2023-11-24T07:20:36.292Z] <<< [apiv2][status] POST https://cloudresourcemanager.googleapis.com/v1/projects 400
[debug] [2023-11-24T07:20:36.292Z] <<< [apiv2][body] POST https://cloudresourcemanager.googleapis.com/v1/projects {"error":{"code":400,"message":"Request contains an invalid argument.","status":"INVALID_ARGUMENT","details":[{"@type":"type.googleapis.com/google.rpc.BadRequest","fieldViolations":[{"field":"project_id","description":"project_id must be at least 6 characters long"},{"field":"project_id","description":"project_id contains invalid characters"},{"field":"display_name","description":"project display name must be at least 4 characters"}]},{"@type":"type.googleapis.com/google.rpc.Help","links":[{"url":"https://cloud.google.com/resource-manager/reference/rest/v1/projects"}]}]}}
[debug] [2023-11-24T07:20:36.541Z] FirebaseError: HTTP Error: 400, Request contains an invalid argument.
    at responseToError (/Users/hoangthanh/.npm-global/lib/node_modules/firebase-tools/lib/responseToError.js:49:12)
    at RetryOperation._fn (/Users/hoangthanh/.npm-global/lib/node_modules/firebase-tools/lib/apiv2.js:285:77)
    at process.processTicksAndRejections (node:internal/process/task_queues:95:5)
[error] 
[error] Error: Failed to create project. See firebase-debug.log for more info.
[debug] [2023-11-24T07:30:39.801Z] ----------------------------------------------------------------------
[debug] [2023-11-24T07:30:39.802Z] Command:       /usr/local/bin/node /Users/hoangthanh/.npm-global/bin/firebase init
[debug] [2023-11-24T07:30:39.802Z] CLI Version:   12.9.1
[debug] [2023-11-24T07:30:39.802Z] Platform:      darwin
[debug] [2023-11-24T07:30:39.802Z] Node Version:  v20.10.0
[debug] [2023-11-24T07:30:39.802Z] Time:          Fri Nov 24 2023 14:30:39 GMT+0700 (GMT+07:00)
[debug] [2023-11-24T07:30:39.802Z] ----------------------------------------------------------------------
[debug] 
[debug] [2023-11-24T07:30:39.831Z] Object ".hosting" in "firebase.json" has unknown property: {"additionalProperty":"publish"}
[debug] [2023-11-24T07:30:39.831Z] Field ".hosting" in "firebase.json" is possibly invalid: should be array
[debug] [2023-11-24T07:30:39.831Z] Field ".hosting" in "firebase.json" is possibly invalid: should match some schema in anyOf
[debug] [2023-11-24T07:30:39.832Z] > command requires scopes: ["email","openid","https://www.googleapis.com/auth/cloudplatformprojects.readonly","https://www.googleapis.com/auth/firebase","https://www.googleapis.com/auth/cloud-platform"]
[debug] [2023-11-24T07:30:39.832Z] > authorizing via signed-in user (thanhpromu@gmail.com)
[debug] [2023-11-24T07:30:39.832Z] Object ".hosting" in "firebase.json" has unknown property: {"additionalProperty":"publish"}
[debug] [2023-11-24T07:30:39.833Z] Field ".hosting" in "firebase.json" is possibly invalid: should be array
[debug] [2023-11-24T07:30:39.833Z] Field ".hosting" in "firebase.json" is possibly invalid: should match some schema in anyOf
[info] 
     ######## #### ########  ######## ########     ###     ######  ########
     ##        ##  ##     ## ##       ##     ##  ##   ##  ##       ##
     ######    ##  ########  ######   ########  #########  ######  ######
     ##        ##  ##    ##  ##       ##     ## ##     ##       ## ##
     ##       #### ##     ## ######## ########  ##     ##  ######  ########

You're about to initialize a Firebase project in this directory:

  /Users/hoangthanh/Desktop/Code/ASM3/client

Before we get started, keep in mind:

  * You are initializing within an existing Firebase project directory

[info] 
=== Project Setup
[info] 
[info] First, let's associate this project directory with a Firebase project.
[info] You can create multiple project aliases by running firebase use --add, 
[info] but for now we'll just set up a default project.
[info] 
[debug] [2023-11-24T07:30:43.507Z] Using project from CLI flag: ecommerce-frank
[debug] [2023-11-24T07:30:43.509Z] >>> [apiv2][query] GET https://firebase.googleapis.com/v1beta1/projects/ecommerce-frank [none]
[debug] [2023-11-24T07:30:44.136Z] <<< [apiv2][status] GET https://firebase.googleapis.com/v1beta1/projects/ecommerce-frank 404
[debug] [2023-11-24T07:30:44.136Z] <<< [apiv2][body] GET https://firebase.googleapis.com/v1beta1/projects/ecommerce-frank {"error":{"code":404,"message":"Requested entity was not found.","status":"NOT_FOUND"}}
[debug] [2023-11-24T07:30:44.137Z] HTTP Error: 404, Requested entity was not found.
[debug] [2023-11-24T07:30:44.396Z] FirebaseError: HTTP Error: 404, Requested entity was not found.
    at responseToError (/Users/hoangthanh/.npm-global/lib/node_modules/firebase-tools/lib/responseToError.js:49:12)
    at RetryOperation._fn (/Users/hoangthanh/.npm-global/lib/node_modules/firebase-tools/lib/apiv2.js:285:77)
    at process.processTicksAndRejections (node:internal/process/task_queues:95:5)
[error] 
[error] Error: Failed to get Firebase project ecommerce-frank. Please make sure the project exists and your account has permission to access it.
[debug] [2023-11-24T07:30:50.607Z] ----------------------------------------------------------------------
[debug] [2023-11-24T07:30:50.608Z] Command:       /usr/local/bin/node /Users/hoangthanh/.npm-global/bin/firebase init
[debug] [2023-11-24T07:30:50.608Z] CLI Version:   12.9.1
[debug] [2023-11-24T07:30:50.608Z] Platform:      darwin
[debug] [2023-11-24T07:30:50.608Z] Node Version:  v20.10.0
[debug] [2023-11-24T07:30:50.608Z] Time:          Fri Nov 24 2023 14:30:50 GMT+0700 (GMT+07:00)
[debug] [2023-11-24T07:30:50.608Z] ----------------------------------------------------------------------
[debug] 
[debug] [2023-11-24T07:30:50.643Z] Object ".hosting" in "firebase.json" has unknown property: {"additionalProperty":"publish"}
[debug] [2023-11-24T07:30:50.643Z] Field ".hosting" in "firebase.json" is possibly invalid: should be array
[debug] [2023-11-24T07:30:50.643Z] Field ".hosting" in "firebase.json" is possibly invalid: should match some schema in anyOf
[debug] [2023-11-24T07:30:50.644Z] > command requires scopes: ["email","openid","https://www.googleapis.com/auth/cloudplatformprojects.readonly","https://www.googleapis.com/auth/firebase","https://www.googleapis.com/auth/cloud-platform"]
[debug] [2023-11-24T07:30:50.645Z] > authorizing via signed-in user (thanhpromu@gmail.com)
[debug] [2023-11-24T07:30:50.645Z] Object ".hosting" in "firebase.json" has unknown property: {"additionalProperty":"publish"}
[debug] [2023-11-24T07:30:50.645Z] Field ".hosting" in "firebase.json" is possibly invalid: should be array
[debug] [2023-11-24T07:30:50.645Z] Field ".hosting" in "firebase.json" is possibly invalid: should match some schema in anyOf
[info] 
     ######## #### ########  ######## ########     ###     ######  ########
     ##        ##  ##     ## ##       ##     ##  ##   ##  ##       ##
     ######    ##  ########  ######   ########  #########  ######  ######
     ##        ##  ##    ##  ##       ##     ## ##     ##       ## ##
     ##       #### ##     ## ######## ########  ##     ##  ######  ########

You're about to initialize a Firebase project in this directory:

  /Users/hoangthanh/Desktop/Code/ASM3/client

Before we get started, keep in mind:

  * You are initializing within an existing Firebase project directory

[info] 
=== Project Setup
[info] 
[info] First, let's associate this project directory with a Firebase project.
[info] You can create multiple project aliases by running firebase use --add, 
[info] but for now we'll just set up a default project.
[info] 
[debug] [2023-11-24T07:30:53.907Z] Using project from CLI flag: ecommerce-frank
[debug] [2023-11-24T07:30:53.908Z] >>> [apiv2][query] GET https://firebase.googleapis.com/v1beta1/projects/ecommerce-frank [none]
[debug] [2023-11-24T07:30:54.479Z] <<< [apiv2][status] GET https://firebase.googleapis.com/v1beta1/projects/ecommerce-frank 404
[debug] [2023-11-24T07:30:54.479Z] <<< [apiv2][body] GET https://firebase.googleapis.com/v1beta1/projects/ecommerce-frank {"error":{"code":404,"message":"Requested entity was not found.","status":"NOT_FOUND"}}
[debug] [2023-11-24T07:30:54.480Z] HTTP Error: 404, Requested entity was not found.
[debug] [2023-11-24T07:30:54.744Z] FirebaseError: HTTP Error: 404, Requested entity was not found.
    at responseToError (/Users/hoangthanh/.npm-global/lib/node_modules/firebase-tools/lib/responseToError.js:49:12)
    at RetryOperation._fn (/Users/hoangthanh/.npm-global/lib/node_modules/firebase-tools/lib/apiv2.js:285:77)
    at process.processTicksAndRejections (node:internal/process/task_queues:95:5)
[error] 
[error] Error: Failed to get Firebase project ecommerce-frank. Please make sure the project exists and your account has permission to access it.
[debug] [2023-11-24T07:31:00.932Z] ----------------------------------------------------------------------
[debug] [2023-11-24T07:31:00.933Z] Command:       /usr/local/bin/node /Users/hoangthanh/.npm-global/bin/firebase init
[debug] [2023-11-24T07:31:00.933Z] CLI Version:   12.9.1
[debug] [2023-11-24T07:31:00.933Z] Platform:      darwin
[debug] [2023-11-24T07:31:00.933Z] Node Version:  v20.10.0
[debug] [2023-11-24T07:31:00.933Z] Time:          Fri Nov 24 2023 14:31:00 GMT+0700 (GMT+07:00)
[debug] [2023-11-24T07:31:00.933Z] ----------------------------------------------------------------------
[debug] 
[debug] [2023-11-24T07:31:00.962Z] Object ".hosting" in "firebase.json" has unknown property: {"additionalProperty":"publish"}
[debug] [2023-11-24T07:31:00.962Z] Field ".hosting" in "firebase.json" is possibly invalid: should be array
[debug] [2023-11-24T07:31:00.962Z] Field ".hosting" in "firebase.json" is possibly invalid: should match some schema in anyOf
[debug] [2023-11-24T07:31:00.963Z] > command requires scopes: ["email","openid","https://www.googleapis.com/auth/cloudplatformprojects.readonly","https://www.googleapis.com/auth/firebase","https://www.googleapis.com/auth/cloud-platform"]
[debug] [2023-11-24T07:31:00.963Z] > authorizing via signed-in user (thanhpromu@gmail.com)
[debug] [2023-11-24T07:31:00.963Z] Object ".hosting" in "firebase.json" has unknown property: {"additionalProperty":"publish"}
[debug] [2023-11-24T07:31:00.963Z] Field ".hosting" in "firebase.json" is possibly invalid: should be array
[debug] [2023-11-24T07:31:00.963Z] Field ".hosting" in "firebase.json" is possibly invalid: should match some schema in anyOf
[info] 
     ######## #### ########  ######## ########     ###     ######  ########
     ##        ##  ##     ## ##       ##     ##  ##   ##  ##       ##
     ######    ##  ########  ######   ########  #########  ######  ######
     ##        ##  ##    ##  ##       ##     ## ##     ##       ## ##
     ##       #### ##     ## ######## ########  ##     ##  ######  ########

You're about to initialize a Firebase project in this directory:

  /Users/hoangthanh/Desktop/Code/ASM3/client

Before we get started, keep in mind:

  * You are initializing within an existing Firebase project directory

[info] 
=== Project Setup
[info] 
[info] First, let's associate this project directory with a Firebase project.
[info] You can create multiple project aliases by running firebase use --add, 
[info] but for now we'll just set up a default project.
[info] 
[debug] [2023-11-24T07:31:05.708Z] Using project from CLI flag: ecommerce-frank
[debug] [2023-11-24T07:31:05.710Z] >>> [apiv2][query] GET https://firebase.googleapis.com/v1beta1/projects/ecommerce-frank [none]
[debug] [2023-11-24T07:31:06.210Z] <<< [apiv2][status] GET https://firebase.googleapis.com/v1beta1/projects/ecommerce-frank 404
[debug] [2023-11-24T07:31:06.210Z] <<< [apiv2][body] GET https://firebase.googleapis.com/v1beta1/projects/ecommerce-frank {"error":{"code":404,"message":"Requested entity was not found.","status":"NOT_FOUND"}}
[debug] [2023-11-24T07:31:06.211Z] HTTP Error: 404, Requested entity was not found.
[debug] [2023-11-24T07:31:06.456Z] FirebaseError: HTTP Error: 404, Requested entity was not found.
    at responseToError (/Users/hoangthanh/.npm-global/lib/node_modules/firebase-tools/lib/responseToError.js:49:12)
    at RetryOperation._fn (/Users/hoangthanh/.npm-global/lib/node_modules/firebase-tools/lib/apiv2.js:285:77)
    at process.processTicksAndRejections (node:internal/process/task_queues:95:5)
[error] 
[error] Error: Failed to get Firebase project ecommerce-frank. Please make sure the project exists and your account has permission to access it.
[debug] [2023-11-24T07:31:25.441Z] ----------------------------------------------------------------------
[debug] [2023-11-24T07:31:25.442Z] Command:       /usr/local/bin/node /Users/hoangthanh/.npm-global/bin/firebase use --add
[debug] [2023-11-24T07:31:25.442Z] CLI Version:   12.9.1
[debug] [2023-11-24T07:31:25.442Z] Platform:      darwin
[debug] [2023-11-24T07:31:25.442Z] Node Version:  v20.10.0
[debug] [2023-11-24T07:31:25.442Z] Time:          Fri Nov 24 2023 14:31:25 GMT+0700 (GMT+07:00)
[debug] [2023-11-24T07:31:25.442Z] ----------------------------------------------------------------------
[debug] 
[debug] [2023-11-24T07:31:25.471Z] Object ".hosting" in "firebase.json" has unknown property: {"additionalProperty":"publish"}
[debug] [2023-11-24T07:31:25.471Z] Field ".hosting" in "firebase.json" is possibly invalid: should be array
[debug] [2023-11-24T07:31:25.471Z] Field ".hosting" in "firebase.json" is possibly invalid: should match some schema in anyOf
[debug] [2023-11-24T07:31:25.472Z] > command requires scopes: ["email","openid","https://www.googleapis.com/auth/cloudplatformprojects.readonly","https://www.googleapis.com/auth/firebase","https://www.googleapis.com/auth/cloud-platform"]
[debug] [2023-11-24T07:31:25.472Z] > authorizing via signed-in user (thanhpromu@gmail.com)
[debug] [2023-11-24T07:31:25.473Z] >>> [apiv2][query] GET https://firebase.googleapis.com/v1beta1/projects pageSize=1000
[debug] [2023-11-24T07:31:26.633Z] <<< [apiv2][status] GET https://firebase.googleapis.com/v1beta1/projects 200
[debug] [2023-11-24T07:31:26.634Z] <<< [apiv2][body] GET https://firebase.googleapis.com/v1beta1/projects [omitted]
[debug] [2023-11-24T07:31:39.402Z] TypeError: Cannot read properties of undefined (reading 'value')
    at ListPrompt.getCurrentValue (/Users/hoangthanh/.npm-global/lib/node_modules/firebase-tools/node_modules/inquirer/lib/prompts/list.js:145:53)
    at /Users/hoangthanh/.npm-global/lib/node_modules/firebase-tools/node_modules/rxjs/dist/cjs/internal/operators/map.js:10:37
    at OperatorSubscriber._this._next (/Users/hoangthanh/.npm-global/lib/node_modules/firebase-tools/node_modules/rxjs/dist/cjs/internal/operators/OperatorSubscriber.js:33:21)
    at Subscriber.next (/Users/hoangthanh/.npm-global/lib/node_modules/firebase-tools/node_modules/rxjs/dist/cjs/internal/Subscriber.js:51:18)
    at /Users/hoangthanh/.npm-global/lib/node_modules/firebase-tools/node_modules/rxjs/dist/cjs/internal/operators/take.js:15:32
    at OperatorSubscriber._this._next (/Users/hoangthanh/.npm-global/lib/node_modules/firebase-tools/node_modules/rxjs/dist/cjs/internal/operators/OperatorSubscriber.js:33:21)
    at Subscriber.next (/Users/hoangthanh/.npm-global/lib/node_modules/firebase-tools/node_modules/rxjs/dist/cjs/internal/Subscriber.js:51:18)
    at Interface.handler (/Users/hoangthanh/.npm-global/lib/node_modules/firebase-tools/node_modules/rxjs/dist/cjs/internal/observable/fromEvent.js:59:31)
    at Interface.emit (node:events:526:35)
    at Interface.emit (node:domain:488:12)
[error] 
[error] Error: An unexpected error has occurred.
[debug] [2023-11-24T07:31:41.987Z] ----------------------------------------------------------------------
[debug] [2023-11-24T07:31:41.988Z] Command:       /usr/local/bin/node /Users/hoangthanh/.npm-global/bin/firebase use --add
[debug] [2023-11-24T07:31:41.988Z] CLI Version:   12.9.1
[debug] [2023-11-24T07:31:41.988Z] Platform:      darwin
[debug] [2023-11-24T07:31:41.988Z] Node Version:  v20.10.0
[debug] [2023-11-24T07:31:41.988Z] Time:          Fri Nov 24 2023 14:31:41 GMT+0700 (GMT+07:00)
[debug] [2023-11-24T07:31:41.988Z] ----------------------------------------------------------------------
[debug] 
[debug] [2023-11-24T07:31:42.017Z] Object ".hosting" in "firebase.json" has unknown property: {"additionalProperty":"publish"}
[debug] [2023-11-24T07:31:42.017Z] Field ".hosting" in "firebase.json" is possibly invalid: should be array
[debug] [2023-11-24T07:31:42.017Z] Field ".hosting" in "firebase.json" is possibly invalid: should match some schema in anyOf
[debug] [2023-11-24T07:31:42.018Z] > command requires scopes: ["email","openid","https://www.googleapis.com/auth/cloudplatformprojects.readonly","https://www.googleapis.com/auth/firebase","https://www.googleapis.com/auth/cloud-platform"]
[debug] [2023-11-24T07:31:42.018Z] > authorizing via signed-in user (thanhpromu@gmail.com)
[debug] [2023-11-24T07:31:42.019Z] >>> [apiv2][query] GET https://firebase.googleapis.com/v1beta1/projects pageSize=1000
[debug] [2023-11-24T07:31:42.885Z] <<< [apiv2][status] GET https://firebase.googleapis.com/v1beta1/projects 200
[debug] [2023-11-24T07:31:42.885Z] <<< [apiv2][body] GET https://firebase.googleapis.com/v1beta1/projects [omitted]
[debug] [2023-11-24T07:31:48.677Z] TypeError: Cannot read properties of undefined (reading 'value')
    at ListPrompt.getCurrentValue (/Users/hoangthanh/.npm-global/lib/node_modules/firebase-tools/node_modules/inquirer/lib/prompts/list.js:145:53)
    at /Users/hoangthanh/.npm-global/lib/node_modules/firebase-tools/node_modules/rxjs/dist/cjs/internal/operators/map.js:10:37
    at OperatorSubscriber._this._next (/Users/hoangthanh/.npm-global/lib/node_modules/firebase-tools/node_modules/rxjs/dist/cjs/internal/operators/OperatorSubscriber.js:33:21)
    at Subscriber.next (/Users/hoangthanh/.npm-global/lib/node_modules/firebase-tools/node_modules/rxjs/dist/cjs/internal/Subscriber.js:51:18)
    at /Users/hoangthanh/.npm-global/lib/node_modules/firebase-tools/node_modules/rxjs/dist/cjs/internal/operators/take.js:15:32
    at OperatorSubscriber._this._next (/Users/hoangthanh/.npm-global/lib/node_modules/firebase-tools/node_modules/rxjs/dist/cjs/internal/operators/OperatorSubscriber.js:33:21)
    at Subscriber.next (/Users/hoangthanh/.npm-global/lib/node_modules/firebase-tools/node_modules/rxjs/dist/cjs/internal/Subscriber.js:51:18)
    at Interface.handler (/Users/hoangthanh/.npm-global/lib/node_modules/firebase-tools/node_modules/rxjs/dist/cjs/internal/observable/fromEvent.js:59:31)
    at Interface.emit (node:events:526:35)
    at Interface.emit (node:domain:488:12)
[error] 
[error] Error: An unexpected error has occurred.
[debug] [2023-11-24T08:02:24.131Z] ----------------------------------------------------------------------
[debug] [2023-11-24T08:02:24.132Z] Command:       /usr/local/bin/node /Users/hoangthanh/.npm-global/bin/firebase use --add
[debug] [2023-11-24T08:02:24.132Z] CLI Version:   12.9.1
[debug] [2023-11-24T08:02:24.132Z] Platform:      darwin
[debug] [2023-11-24T08:02:24.132Z] Node Version:  v20.10.0
[debug] [2023-11-24T08:02:24.132Z] Time:          Fri Nov 24 2023 15:02:24 GMT+0700 (GMT+07:00)
[debug] [2023-11-24T08:02:24.132Z] ----------------------------------------------------------------------
[debug] 
[debug] [2023-11-24T08:02:24.160Z] Object ".hosting" in "firebase.json" has unknown property: {"additionalProperty":"publish"}
[debug] [2023-11-24T08:02:24.161Z] Field ".hosting" in "firebase.json" is possibly invalid: should be array
[debug] [2023-11-24T08:02:24.161Z] Field ".hosting" in "firebase.json" is possibly invalid: should match some schema in anyOf
[debug] [2023-11-24T08:02:24.162Z] > command requires scopes: ["email","openid","https://www.googleapis.com/auth/cloudplatformprojects.readonly","https://www.googleapis.com/auth/firebase","https://www.googleapis.com/auth/cloud-platform"]
[debug] [2023-11-24T08:02:24.162Z] > authorizing via signed-in user (thanhpromu@gmail.com)
[debug] [2023-11-24T08:02:24.162Z] > refreshing access token with scopes: []
[debug] [2023-11-24T08:02:24.163Z] >>> [apiv2][query] POST https://www.googleapis.com/oauth2/v3/token [none]
[debug] [2023-11-24T08:02:24.163Z] >>> [apiv2][body] POST https://www.googleapis.com/oauth2/v3/token [omitted]
[debug] [2023-11-24T08:02:24.511Z] <<< [apiv2][status] POST https://www.googleapis.com/oauth2/v3/token 200
[debug] [2023-11-24T08:02:24.512Z] <<< [apiv2][body] POST https://www.googleapis.com/oauth2/v3/token [omitted]
[debug] [2023-11-24T08:02:24.522Z] >>> [apiv2][query] GET https://firebase.googleapis.com/v1beta1/projects pageSize=1000
[debug] [2023-11-24T08:02:25.375Z] <<< [apiv2][status] GET https://firebase.googleapis.com/v1beta1/projects 200
[debug] [2023-11-24T08:02:25.375Z] <<< [apiv2][body] GET https://firebase.googleapis.com/v1beta1/projects [omitted]
[debug] [2023-11-24T08:02:29.268Z] TypeError: Cannot read properties of undefined (reading 'value')
    at ListPrompt.getCurrentValue (/Users/hoangthanh/.npm-global/lib/node_modules/firebase-tools/node_modules/inquirer/lib/prompts/list.js:145:53)
    at /Users/hoangthanh/.npm-global/lib/node_modules/firebase-tools/node_modules/rxjs/dist/cjs/internal/operators/map.js:10:37
    at OperatorSubscriber._this._next (/Users/hoangthanh/.npm-global/lib/node_modules/firebase-tools/node_modules/rxjs/dist/cjs/internal/operators/OperatorSubscriber.js:33:21)
    at Subscriber.next (/Users/hoangthanh/.npm-global/lib/node_modules/firebase-tools/node_modules/rxjs/dist/cjs/internal/Subscriber.js:51:18)
    at /Users/hoangthanh/.npm-global/lib/node_modules/firebase-tools/node_modules/rxjs/dist/cjs/internal/operators/take.js:15:32
    at OperatorSubscriber._this._next (/Users/hoangthanh/.npm-global/lib/node_modules/firebase-tools/node_modules/rxjs/dist/cjs/internal/operators/OperatorSubscriber.js:33:21)
    at Subscriber.next (/Users/hoangthanh/.npm-global/lib/node_modules/firebase-tools/node_modules/rxjs/dist/cjs/internal/Subscriber.js:51:18)
    at Interface.handler (/Users/hoangthanh/.npm-global/lib/node_modules/firebase-tools/node_modules/rxjs/dist/cjs/internal/observable/fromEvent.js:59:31)
    at Interface.emit (node:events:526:35)
    at Interface.emit (node:domain:488:12)
[error] 
[error] Error: An unexpected error has occurred.
